2025.11.19 08:14:55,455 INFO   Apache ActiveMQ 5.15.11 (localhost, ID:fb2fbe53efd8-43501-1763536899733-0:1) is shutting down
2025.11.19 08:14:55,499 INFO   Connector mqtt://fb2fbe53efd8:31000 stopped
2025.11.19 08:14:55,521 ERROR  MQTT connection lost. Cause: Connection lost
Connection lost (32109) - java.io.EOFException
	at org.eclipse.paho.client.mqttv3.internal.CommsReceiver.run(CommsReceiver.java:190)
	at java.base/java.lang.Thread.run(Thread.java:829)
Caused by: java.io.EOFException
	at java.base/java.io.DataInputStream.readByte(DataInputStream.java:272)
	at org.eclipse.paho.client.mqttv3.internal.wire.MqttInputStream.readMqttWireMessage(MqttInputStream.java:92)
	at org.eclipse.paho.client.mqttv3.internal.CommsReceiver.run(CommsReceiver.java:137)
	... 1 more
2025.11.19 08:14:55,535 ERROR  Failed to reconnect to MQTT broker.
Unable to connect to server (32103) - java.net.ConnectException: Connection refused (Connection refused)
	at org.eclipse.paho.client.mqttv3.internal.TCPNetworkModule.start(TCPNetworkModule.java:80)
	at org.eclipse.paho.client.mqttv3.internal.ClientComms$ConnectBG.run(ClientComms.java:722)
	at java.base/java.lang.Thread.run(Thread.java:829)
Caused by: java.net.ConnectException: Connection refused (Connection refused)
	at java.base/java.net.PlainSocketImpl.socketConnect(Native Method)
	at java.base/java.net.AbstractPlainSocketImpl.doConnect(AbstractPlainSocketImpl.java:412)
	at java.base/java.net.AbstractPlainSocketImpl.connectToAddress(AbstractPlainSocketImpl.java:253)
	at java.base/java.net.AbstractPlainSocketImpl.connect(AbstractPlainSocketImpl.java:237)
	at java.base/java.net.SocksSocketImpl.connect(SocksSocketImpl.java:392)
	at java.base/java.net.Socket.connect(Socket.java:609)
	at org.eclipse.paho.client.mqttv3.internal.TCPNetworkModule.start(TCPNetworkModule.java:74)
	... 2 more
2025.11.19 08:14:55,537 INFO   Apache ActiveMQ 5.15.11 (localhost, ID:fb2fbe53efd8-43501-1763536899733-0:1) uptime 53 minutes
2025.11.19 08:14:55,538 INFO   Apache ActiveMQ 5.15.11 (localhost, ID:fb2fbe53efd8-43501-1763536899733-0:1) is shutdown
